<?xml version="1.0" encoding="UTF-8"?>
<!-- Generated by org.testng.reporters.JUnitXMLReporter -->
<testsuite ignored="5" hostname="DESKTOP-7DOJ8DV" failures="0" tests="1" name="Default test" time="60.278" errors="0" timestamp="2023-04-03T13:59:08 PKT">
  <testcase classname="Spectra.SpecDashboard.HomePageTest" name="waitTestcase" time="44.152"/>
  <testcase classname="Spectra.SpecDashboard.HomePageTest" name="colourTest" time="0.0">
    <ignored/>
  </testcase> <!-- colourTest -->
  <testcase classname="Spectra.SpecDashboard.HomePageTest" name="clickallcomponents" time="0.0">
    <ignored/>
  </testcase> <!-- clickallcomponents -->
  <testcase classname="Spectra.SpecDashboard.HomePageTest" name="branchevolutionreadingTest" time="0.0">
    <ignored/>
  </testcase> <!-- branchevolutionreadingTest -->
  <testcase classname="Spectra.SpecDashboard.HomePageTest" name="CounterTestcase" time="0.0">
    <ignored/>
  </testcase> <!-- CounterTestcase -->
  <testcase classname="Spectra.SpecDashboard.HomePageTest" name="serviceTestcase" time="0.0">
    <ignored/>
  </testcase> <!-- serviceTestcase -->
</testsuite> <!-- Default test -->
