<?xml version="1.0" encoding="UTF-8"?>
<testng-results ignored="5" total="6" passed="1" failed="0" skipped="0">
  <reporter-output>
  </reporter-output>
  <suite started-at="2023-04-03T13:58:08 PKT" name="Default suite" finished-at="2023-04-03T13:59:08 PKT" duration-ms="60278">
    <groups>
    </groups>
    <test started-at="2023-04-03T13:58:08 PKT" name="Default test" finished-at="2023-04-03T13:59:08 PKT" duration-ms="60278">
      <class name="Spectra.SpecDashboard.HomePageTest">
        <test-method is-config="true" signature="SetUp()[pri:0, instance:Spectra.SpecDashboard.HomePageTest@2053d869]" started-at="2023-04-03T13:58:08 PKT" name="SetUp" finished-at="2023-04-03T13:58:24 PKT" duration-ms="16087" status="PASS">
          <reporter-output>
          </reporter-output>
        </test-method> <!-- SetUp -->
        <test-method signature="waitTestcase()[pri:2, instance:Spectra.SpecDashboard.HomePageTest@2053d869]" started-at="2023-04-03T13:58:24 PKT" name="waitTestcase" finished-at="2023-04-03T13:59:08 PKT" duration-ms="44152" status="PASS">
          <reporter-output>
          </reporter-output>
        </test-method> <!-- waitTestcase -->
      </class> <!-- Spectra.SpecDashboard.HomePageTest -->
    </test> <!-- Default test -->
  </suite> <!-- Default suite -->
</testng-results>
